<?xml version="1.0" encoding="UTF-8"?>
<!-- Generated by org.testng.reporters.JUnitReportReporter -->
<testsuite skipped="0" hostname="LAPTOP-91J108P6" name="com.bank.testsuite.BankTest" tests="5" failures="0" timestamp="2022-12-13T20:21:00 GMT" time="73.610" errors="1">
  <testcase name="customerShouldLoginAndLogoutSuccessfully" time="5.069" classname="com.bank.testsuite.BankTest"/>
  <system-out>
    <![CDATA[Clicking on Customer Login Tab : [[ChromeDriver: chrome on WINDOWS (2e981dc92093c1dc8fb81124b1fc0b98)] -> xpath: //button[contains(text(),'Customer Login')]]
Sending text to Search field : Albus Dumbledore to [[ChromeDriver: chrome on WINDOWS (2e981dc92093c1dc8fb81124b1fc0b98)] -> xpath: //select[@id='userSelect']]
Clicking on Customer Login Tab : [[ChromeDriver: chrome on WINDOWS (2e981dc92093c1dc8fb81124b1fc0b98)] -> xpath: //button[contains(text(),'Login')]]
Verify Text Logout : [[ChromeDriver: chrome on WINDOWS (2e981dc92093c1dc8fb81124b1fc0b98)] -> xpath: //button[@class='btn logout']]
Clicking on Logout Tab : [[ChromeDriver: chrome on WINDOWS (2e981dc92093c1dc8fb81124b1fc0b98)] -> xpath: //button[contains(text(),'Logout')]]
Verify Text Your Name : [[ChromeDriver: chrome on WINDOWS (2e981dc92093c1dc8fb81124b1fc0b98)] -> xpath: //label[text()='Your Name :']]]]>
  </system-out>
  <testcase name="bankManagerShouldOpenAccountSuccessfully" time="5.198" classname="com.bank.testsuite.BankTest"/>
  <system-out>
    <![CDATA[Click On Bank Manager Login Tab:[[ChromeDriver: chrome on WINDOWS (588a311359608cd71347d5b9d16f0187)] -> xpath: //div[@class='borderM box padT20']/child::div[2]/button]]]>
  </system-out>
  <testcase name="customerShouldDepositMoneySuccessfully" time="5.500" classname="com.bank.testsuite.BankTest"/>
  <system-out>
    <![CDATA[Clicking on Customer Login Tab : [[ChromeDriver: chrome on WINDOWS (ad04c2de8db2c0e9a7610b8922272d2a)] -> xpath: //button[contains(text(),'Customer Login')]]
Sending text to Search field : Albus Dumbledore to [[ChromeDriver: chrome on WINDOWS (ad04c2de8db2c0e9a7610b8922272d2a)] -> xpath: //select[@id='userSelect']]
Clicking on Customer Login Tab : [[ChromeDriver: chrome on WINDOWS (ad04c2de8db2c0e9a7610b8922272d2a)] -> xpath: //button[contains(text(),'Login')]]
Click On Deposit Tab:[[ChromeDriver: chrome on WINDOWS (ad04c2de8db2c0e9a7610b8922272d2a)] -> xpath: //button[@ng-class='btnClass2']]
Enter Amount:100to[[ChromeDriver: chrome on WINDOWS (ad04c2de8db2c0e9a7610b8922272d2a)] -> xpath: //input[@ng-model='amount']]
Click On Deposit Tab:[[ChromeDriver: chrome on WINDOWS (ad04c2de8db2c0e9a7610b8922272d2a)] -> xpath: //button[@type='submit']]]]>
  </system-out>
  <testcase name="bankManagerShouldAddCustomerSuccessfully" time="11.327" classname="com.bank.testsuite.BankTest"/>
  <system-out>
    <![CDATA[Click On Bank Manager Login Tab:[[ChromeDriver: chrome on WINDOWS (7560ad16735da06bb96fab0986b9228f)] -> xpath: //div[@class='borderM box padT20']/child::div[2]/button]
Click On Add customer Tab:[[ChromeDriver: chrome on WINDOWS (7560ad16735da06bb96fab0986b9228f)] -> xpath: //button[@ng-class='btnClass1']]
Clicking on Add Customer Tab : [[ChromeDriver: chrome on WINDOWS (7560ad16735da06bb96fab0986b9228f)] -> xpath: //button[@class='btn btn-default']]]]>
  </system-out>
  <testcase name="customerShouldWithdrawMoneySuccessfully" time="46.516" classname="com.bank.testsuite.BankTest">
    <error type="org.openqa.selenium.NoSuchElementException" message="no such element: Unable to locate element: {&quot;method&quot;:&quot;xpath&quot;,&quot;selector&quot;:&quot;//body[1]/div[3]/div[1]/div[2]/div[1]/div[4]/div[1]/span[contains(text(),&#039;Transaction successful&#039;)]&quot;}
  (Session info: chrome=108.0.5359.99)
For documentation on this error, please visit: https://selenium.dev/exceptions/#no_such_element
Build info: version: &#039;4.6.0&#039;, revision: &#039;79f1c02ae20&#039;
System info: os.name: &#039;Windows 10&#039;, os.arch: &#039;amd64&#039;, os.version: &#039;10.0&#039;, java.version: &#039;1.8.0_251&#039;
Driver info: org.openqa.selenium.chrome.ChromeDriver
Command: [d2a0eefd46fc1e685a54efceb59ad133, findElement {using=xpath, value=//body[1]/div[3]/div[1]/div[2]/div[1]/div[4]/div[1]/span[contains(text(),&#039;Transaction successful&#039;)]}]
Capabilities {acceptInsecureCerts: false, browserName: chrome, browserVersion: 108.0.5359.99, chrome: {chromedriverVersion: 108.0.5359.71 (1e0e3868ee06..., userDataDir: C:\Users\kinmi\AppData\Loca...}, goog:chromeOptions: {debuggerAddress: localhost:55142}, networkConnectionEnabled: false, pageLoadStrategy: normal, platformName: WINDOWS, proxy: Proxy(), se:cdp: ws://localhost:55142/devtoo..., se:cdpVersion: 108.0.5359.99, setWindowRect: true, strictFileInteractability: false, timeouts: {implicit: 0, pageLoad: 300000, script: 30000}, unhandledPromptBehavior: dismiss and notify, webauthn:extension:credBlob: true, webauthn:extension:largeBlob: true, webauthn:virtualAuthenticators: true}
Session ID: d2a0eefd46fc1e685a54efceb59ad133">
      <![CDATA[org.openqa.selenium.NoSuchElementException: no such element: Unable to locate element: {"method":"xpath","selector":"//body[1]/div[3]/div[1]/div[2]/div[1]/div[4]/div[1]/span[contains(text(),'Transaction successful')]"}
  (Session info: chrome=108.0.5359.99)
For documentation on this error, please visit: https://selenium.dev/exceptions/#no_such_element
Build info: version: '4.6.0', revision: '79f1c02ae20'
System info: os.name: 'Windows 10', os.arch: 'amd64', os.version: '10.0', java.version: '1.8.0_251'
Driver info: org.openqa.selenium.chrome.ChromeDriver
Command: [d2a0eefd46fc1e685a54efceb59ad133, findElement {using=xpath, value=//body[1]/div[3]/div[1]/div[2]/div[1]/div[4]/div[1]/span[contains(text(),'Transaction successful')]}]
Capabilities {acceptInsecureCerts: false, browserName: chrome, browserVersion: 108.0.5359.99, chrome: {chromedriverVersion: 108.0.5359.71 (1e0e3868ee06..., userDataDir: C:\Users\kinmi\AppData\Loca...}, goog:chromeOptions: {debuggerAddress: localhost:55142}, networkConnectionEnabled: false, pageLoadStrategy: normal, platformName: WINDOWS, proxy: Proxy(), se:cdp: ws://localhost:55142/devtoo..., se:cdpVersion: 108.0.5359.99, setWindowRect: true, strictFileInteractability: false, timeouts: {implicit: 0, pageLoad: 300000, script: 30000}, unhandledPromptBehavior: dismiss and notify, webauthn:extension:credBlob: true, webauthn:extension:largeBlob: true, webauthn:virtualAuthenticators: true}
Session ID: d2a0eefd46fc1e685a54efceb59ad133
at sun.reflect.NativeConstructorAccessorImpl.newInstance0(Native Method)
at sun.reflect.NativeConstructorAccessorImpl.newInstance(NativeConstructorAccessorImpl.java:62)
at sun.reflect.DelegatingConstructorAccessorImpl.newInstance(DelegatingConstructorAccessorImpl.java:45)
at java.lang.reflect.Constructor.newInstance(Constructor.java:423)
at org.openqa.selenium.remote.codec.w3c.W3CHttpResponseCodec.createException(W3CHttpResponseCodec.java:200)
at org.openqa.selenium.remote.codec.w3c.W3CHttpResponseCodec.decode(W3CHttpResponseCodec.java:133)
at org.openqa.selenium.remote.codec.w3c.W3CHttpResponseCodec.decode(W3CHttpResponseCodec.java:53)
at org.openqa.selenium.remote.HttpCommandExecutor.execute(HttpCommandExecutor.java:184)
at org.openqa.selenium.remote.service.DriverCommandExecutor.invokeExecute(DriverCommandExecutor.java:167)
at org.openqa.selenium.remote.service.DriverCommandExecutor.execute(DriverCommandExecutor.java:142)
at org.openqa.selenium.remote.RemoteWebDriver.execute(RemoteWebDriver.java:541)
at org.openqa.selenium.remote.ElementLocation$ElementFinder$2.findElement(ElementLocation.java:162)
at org.openqa.selenium.remote.ElementLocation.findElement(ElementLocation.java:60)
at org.openqa.selenium.remote.RemoteWebDriver.findElement(RemoteWebDriver.java:365)
at org.openqa.selenium.remote.RemoteWebDriver.findElement(RemoteWebDriver.java:357)
at org.openqa.selenium.support.pagefactory.DefaultElementLocator.findElement(DefaultElementLocator.java:70)
at org.openqa.selenium.support.pagefactory.internal.LocatingElementHandler.invoke(LocatingElementHandler.java:39)
at com.sun.proxy.$Proxy16.getText(Unknown Source)
at com.bank.utility.Utility.getTextFromElement(Utility.java:62)
at com.bank.pages.AccountPage.verifyTransaction(AccountPage.java:73)
at com.bank.testsuite.BankTest.customerShouldWithdrawMoneySuccessfully(BankTest.java:138)
at sun.reflect.NativeMethodAccessorImpl.invoke0(Native Method)
at sun.reflect.NativeMethodAccessorImpl.invoke(NativeMethodAccessorImpl.java:62)
at sun.reflect.DelegatingMethodAccessorImpl.invoke(DelegatingMethodAccessorImpl.java:43)
at java.lang.reflect.Method.invoke(Method.java:498)
at org.testng.internal.invokers.MethodInvocationHelper.invokeMethod(MethodInvocationHelper.java:135)
at org.testng.internal.invokers.TestInvoker.invokeMethod(TestInvoker.java:673)
at org.testng.internal.invokers.TestInvoker.invokeTestMethod(TestInvoker.java:220)
at org.testng.internal.invokers.MethodRunner.runInSequence(MethodRunner.java:50)
at org.testng.internal.invokers.TestInvoker$MethodInvocationAgent.invoke(TestInvoker.java:945)
at org.testng.internal.invokers.TestInvoker.invokeTestMethods(TestInvoker.java:193)
at org.testng.internal.invokers.TestMethodWorker.invokeTestMethods(TestMethodWorker.java:146)
at org.testng.internal.invokers.TestMethodWorker.run(TestMethodWorker.java:128)
at java.util.ArrayList.forEach(ArrayList.java:1257)
at org.testng.TestRunner.privateRun(TestRunner.java:808)
at org.testng.TestRunner.run(TestRunner.java:603)
at org.testng.SuiteRunner.runTest(SuiteRunner.java:429)
at org.testng.SuiteRunner.runSequentially(SuiteRunner.java:423)
at org.testng.SuiteRunner.privateRun(SuiteRunner.java:383)
at org.testng.SuiteRunner.run(SuiteRunner.java:326)
at org.testng.SuiteRunnerWorker.runSuite(SuiteRunnerWorker.java:52)
at org.testng.SuiteRunnerWorker.run(SuiteRunnerWorker.java:95)
at org.testng.TestNG.runSuitesSequentially(TestNG.java:1249)
at org.testng.TestNG.runSuitesLocally(TestNG.java:1169)
at org.testng.TestNG.runSuites(TestNG.java:1092)
at org.testng.TestNG.run(TestNG.java:1060)
at com.intellij.rt.testng.IDEARemoteTestNG.run(IDEARemoteTestNG.java:66)
at com.intellij.rt.testng.RemoteTestNGStarter.main(RemoteTestNGStarter.java:109)
]]>
    </error>
  </testcase> <!-- customerShouldWithdrawMoneySuccessfully -->
  <system-out>
    <![CDATA[Clicking on Customer Login Tab : [[ChromeDriver: chrome on WINDOWS (d2a0eefd46fc1e685a54efceb59ad133)] -> xpath: //button[contains(text(),'Customer Login')]]
Sending text to Search field : Albus Dumbledore to [[ChromeDriver: chrome on WINDOWS (d2a0eefd46fc1e685a54efceb59ad133)] -> xpath: //select[@id='userSelect']]
Clicking on Customer Login Tab : [[ChromeDriver: chrome on WINDOWS (d2a0eefd46fc1e685a54efceb59ad133)] -> xpath: //button[contains(text(),'Login')]]
Click On withdraw Tab:[[ChromeDriver: chrome on WINDOWS (d2a0eefd46fc1e685a54efceb59ad133)] -> xpath: //button[@ng-class='btnClass3']]
Enter Amount:500to[[ChromeDriver: chrome on WINDOWS (d2a0eefd46fc1e685a54efceb59ad133)] -> xpath: //input[@ng-model='amount']]
Click On withdraw Tab:[[ChromeDriver: chrome on WINDOWS (d2a0eefd46fc1e685a54efceb59ad133)] -> xpath: //body/div[3]/div[1]/div[2]/div[1]/div[4]/div[1]/form[1]/button[1]]
Getting Message : Proxy element for: DefaultElementLocator 'By.xpath: //body[1]/div[3]/div[1]/div[2]/div[1]/div[4]/div[1]/span[contains(text(),'Transaction successful')]']]>
  </system-out>
</testsuite> <!-- com.bank.testsuite.BankTest -->
